<html>
<body>
<pre>
<h1>µVision Build Log</h1>
<h2>Project:</h2>
C:\Users\Vivian A. Lam\Desktop\cs2208 lab 3\lab3.uvproj
Project File Date:  03/04/2016

<h2>Output:</h2>
Build target 'Target 1'
assembling lab3.s...
lab3.s(33): error: A1106E: Missing comma
lab3.s(36): warning: A1865W: '#' not seen before constant expression
lab3.s(36): error: A1106E: Missing comma
lab3.s(37): warning: A1865W: '#' not seen before constant expression
lab3.s(37): error: A1106E: Missing comma
lab3.s(38): error: A1112E: Expected address expression
lab3.s(40): warning: A1865W: '#' not seen before constant expression
lab3.s(40): error: A1106E: Missing comma
lab3.s(41): warning: A1865W: '#' not seen before constant expression
lab3.s(41): error: A1106E: Missing comma
lab3.s(45): error: A1106E: Missing comma
".\lab3.axf" - 7 Error(s), 4 Warning(s).
Target not created
</pre>
</body>
</html>
